\BOOKMARK [1][-]{section.1}{Chapter 1}{}% 1
\BOOKMARK [2][-]{subsection.1.1}{Definitions}{section.1}% 2
\BOOKMARK [3][-]{subsubsection.1.1.1}{Network}{subsection.1.1}% 3
\BOOKMARK [3][-]{subsubsection.1.1.2}{Acess network}{subsection.1.1}% 4
\BOOKMARK [3][-]{subsubsection.1.1.3}{Protocol}{subsection.1.1}% 5
\BOOKMARK [3][-]{subsubsection.1.1.4}{Packets}{subsection.1.1}% 6
\BOOKMARK [3][-]{subsubsection.1.1.5}{Routing}{subsection.1.1}% 7
\BOOKMARK [3][-]{subsubsection.1.1.6}{Forwading}{subsection.1.1}% 8
\BOOKMARK [3][-]{subsubsection.1.1.7}{Switch contents}{subsection.1.1}% 9
\BOOKMARK [3][-]{subsubsection.1.1.8}{Throughput}{subsection.1.1}% 10
\BOOKMARK [3][-]{subsubsection.1.1.9}{Round-trip time \(RTT\)}{subsection.1.1}% 11
\BOOKMARK [2][-]{subsection.1.2}{Concepts}{section.1}% 12
\BOOKMARK [3][-]{subsubsection.1.2.1}{Circuit vs packet switching}{subsection.1.2}% 13
\BOOKMARK [3][-]{subsubsection.1.2.2}{Internet organization}{subsection.1.2}% 14
\BOOKMARK [3][-]{subsubsection.1.2.3}{Delay}{subsection.1.2}% 15
\BOOKMARK [3][-]{subsubsection.1.2.4}{Internet layering}{subsection.1.2}% 16
\BOOKMARK [3][-]{subsubsection.1.2.5}{Security}{subsection.1.2}% 17
\BOOKMARK [1][-]{section.2}{Chapter 2}{}% 18
\BOOKMARK [2][-]{subsection.2.1}{Application architectures}{section.2}% 19
\BOOKMARK [3][-]{subsubsection.2.1.1}{Client-server architecturea}{subsection.2.1}% 20
\BOOKMARK [3][-]{subsubsection.2.1.2}{Peer-to-peer architecture}{subsection.2.1}% 21
\BOOKMARK [2][-]{subsection.2.2}{Internet transport services}{section.2}% 22
\BOOKMARK [3][-]{subsubsection.2.2.1}{TCP}{subsection.2.2}% 23
\BOOKMARK [3][-]{subsubsection.2.2.2}{UDP}{subsection.2.2}% 24
\BOOKMARK [2][-]{subsection.2.3}{HTTP}{section.2}% 25
\BOOKMARK [2][-]{subsection.2.4}{Web caching}{section.2}% 26
\BOOKMARK [2][-]{subsection.2.5}{Web design}{section.2}% 27
\BOOKMARK [2][-]{subsection.2.6}{Domain Name Service \(DNS\)}{section.2}% 28
\BOOKMARK [3][-]{subsubsection.2.6.1}{Why not centralize DNS ?}{subsection.2.6}% 29
\BOOKMARK [3][-]{subsubsection.2.6.2}{Hierachy}{subsection.2.6}% 30
\BOOKMARK [3][-]{subsubsection.2.6.3}{Local DNS Server}{subsection.2.6}% 31
\BOOKMARK [3][-]{subsubsection.2.6.4}{Query}{subsection.2.6}% 32
\BOOKMARK [3][-]{subsubsection.2.6.5}{Caching}{subsection.2.6}% 33
\BOOKMARK [3][-]{subsubsection.2.6.6}{Design}{subsection.2.6}% 34
\BOOKMARK [3][-]{subsubsection.2.6.7}{Attacking}{subsection.2.6}% 35
\BOOKMARK [2][-]{subsection.2.7}{Peer-to-Peer \(P2P\) applications}{section.2}% 36
\BOOKMARK [3][-]{subsubsection.2.7.1}{File distribution time}{subsection.2.7}% 37
\BOOKMARK [3][-]{subsubsection.2.7.2}{BitTorrent}{subsection.2.7}% 38
\BOOKMARK [2][-]{subsection.2.8}{Socket programming}{section.2}% 39
\BOOKMARK [3][-]{subsubsection.2.8.1}{UDP}{subsection.2.8}% 40
\BOOKMARK [3][-]{subsubsection.2.8.2}{TCP}{subsection.2.8}% 41
\BOOKMARK [1][-]{section.3}{Chapter 3}{}% 42
\BOOKMARK [2][-]{subsection.3.1}{Multiplexing and Demultiplexing}{section.3}% 43
\BOOKMARK [3][-]{subsubsection.3.1.1}{Connection-less Demultiplexing \(UDP\)}{subsection.3.1}% 44
\BOOKMARK [3][-]{subsubsection.3.1.2}{Connection-oriented Demultiplexing \(TCP\)}{subsection.3.1}% 45
\BOOKMARK [2][-]{subsection.3.2}{Reliable data transfer}{section.3}% 46
\BOOKMARK [3][-]{subsubsection.3.2.1}{Checksum}{subsection.3.2}% 47
\BOOKMARK [3][-]{subsubsection.3.2.2}{Acknowledgment}{subsection.3.2}% 48
\BOOKMARK [3][-]{subsubsection.3.2.3}{Seqence numbers}{subsection.3.2}% 49
\BOOKMARK [3][-]{subsubsection.3.2.4}{Timeout + ACK}{subsection.3.2}% 50
\BOOKMARK [3][-]{subsubsection.3.2.5}{RDT elements}{subsection.3.2}% 51
\BOOKMARK [3][-]{subsubsection.3.2.6}{Stop and wait}{subsection.3.2}% 52
\BOOKMARK [3][-]{subsubsection.3.2.7}{Pipelining}{subsection.3.2}% 53
\BOOKMARK [1][-]{section.4}{HW1}{}% 54
\BOOKMARK [1][-]{section.5}{HW2}{}% 55
